<?xml version="1.0" encoding="UTF-8"?>
<!-- Generated by org.testng.reporters.JUnitXMLReporter -->
<testsuite ignored="0" hostname="LAPTOP-RSRN5HAR" failures="1" tests="1" name="LoginTests" time="9.499" errors="0" timestamp="2025-07-27T15:24:32 IST">
  <testcase classname="tests.LoginTest" name="TestValidLogin" time="0.316">
    <failure type="java.lang.AssertionError" message="expected [Dashboard / nopCommerce administration] but found [nopCommerce demo store. Login]">
      <![CDATA[java.lang.AssertionError: expected [Dashboard / nopCommerce administration] but found [nopCommerce demo store. Login]
at tests.LoginTest.TestValidLogin(LoginTest.java:63)
at java.base/java.util.ArrayList.forEach(ArrayList.java:1604)
... Removed 31 stack frames]]>
    </failure>
  </testcase> <!-- TestValidLogin -->
</testsuite> <!-- LoginTests -->
