<?xml version="1.0" encoding="UTF-8"?>
<testng-results ignored="0" total="1" passed="1" failed="0" skipped="0">
  <reporter-output>
  </reporter-output>
  <suite started-at="2025-07-30T14:05:53 IST" name="Default suite" finished-at="2025-07-30T14:06:05 IST" duration-ms="11902">
    <groups>
    </groups>
    <test started-at="2025-07-30T14:05:53 IST" name="Default test" finished-at="2025-07-30T14:06:05 IST" duration-ms="11902">
      <class name="tests.LoginTest">
        <test-method is-config="true" signature="setupReport()[pri:0, instance:tests.LoginTest@8f4ea7c]" started-at="2025-07-30T14:05:53 IST" name="setupReport" finished-at="2025-07-30T14:05:53 IST" duration-ms="208" status="PASS">
          <reporter-output>
          </reporter-output>
        </test-method> <!-- setupReport -->
        <test-method is-config="true" signature="setup()[pri:0, instance:tests.LoginTest@8f4ea7c]" started-at="2025-07-30T14:05:53 IST" name="setup" finished-at="2025-07-30T14:06:03 IST" duration-ms="9728" status="PASS">
          <reporter-output>
          </reporter-output>
        </test-method> <!-- setup -->
        <test-method signature="TestValidLogin()[pri:0, instance:tests.LoginTest@8f4ea7c]" started-at="2025-07-30T14:06:03 IST" name="TestValidLogin" finished-at="2025-07-30T14:06:05 IST" duration-ms="1936" status="PASS">
          <reporter-output>
          </reporter-output>
        </test-method> <!-- TestValidLogin -->
        <test-method is-config="true" signature="teardown(org.testng.ITestResult)[pri:0, instance:tests.LoginTest@8f4ea7c]" started-at="2025-07-30T14:06:05 IST" name="teardown" finished-at="2025-07-30T14:06:05 IST" duration-ms="206" status="PASS">
          <params>
            <param index="0">
              <value>
                <![CDATA[[TestResult name=TestValidLogin status=SUCCESS method=LoginTest.TestValidLogin()[pri:0, instance:tests.LoginTest@8f4ea7c] output={null}]]]>
              </value>
            </param>
          </params>
          <reporter-output>
          </reporter-output>
        </test-method> <!-- teardown -->
        <test-method is-config="true" signature="tearDownReport()[pri:0, instance:tests.LoginTest@8f4ea7c]" started-at="2025-07-30T14:06:05 IST" name="tearDownReport" finished-at="2025-07-30T14:06:10 IST" duration-ms="4636" status="PASS">
          <reporter-output>
          </reporter-output>
        </test-method> <!-- tearDownReport -->
      </class> <!-- tests.LoginTest -->
    </test> <!-- Default test -->
  </suite> <!-- Default suite -->
</testng-results>
